2021-06-25 13:18:26,043 - Express_test_status - ERROR - Error detected
Traceback (most recent call last):
  File "C:\Users\Webdom16\PycharmProjects\TestsCovid\COVID_19_ 9880\Проверка_модуля_экспресс_тестирования_на_выполнение_команд\Express_test_status.py", line 31, in genlog
    self.express_test_status()
  File "C:\Users\Webdom16\PycharmProjects\TestsCovid\COVID_19_ 9880\Проверка_модуля_экспресс_тестирования_на_выполнение_команд\Express_test_status.py", line 56, in express_test_status
    assert driver.find_element_by_css_selector("#expressForm\:j_idt72").text == iss
  File "C:\Python27\lib\site-packages\selenium\webdriver\remote\webdriver.py", line 598, in find_element_by_css_selector
    return self.find_element(by=By.CSS_SELECTOR, value=css_selector)
  File "C:\Python27\lib\site-packages\selenium\webdriver\remote\webdriver.py", line 978, in find_element
    'value': value})['value']
  File "C:\Python27\lib\site-packages\selenium\webdriver\remote\webdriver.py", line 321, in execute
    self.error_handler.check_response(response)
  File "C:\Python27\lib\site-packages\selenium\webdriver\remote\errorhandler.py", line 242, in check_response
    raise exception_class(message, screen, stacktrace)
NoSuchElementException: Message: no such element: Unable to locate element: {"method":"css selector","selector":"#expressForm\:j_idt72"}
  (Session info: chrome=91.0.4472.114)

